Start testing: Oct 25 23:54 EEST
----------------------------------------------------------
1/3 Testing: QrackGates.XGateSetsProbToOne
1/3 Test: QrackGates.XGateSetsProbToOne
Command: "/home/ziad/QSVT_Project/build/tests/qsvt_tests" "--gtest_filter=QrackGates.XGateSetsProbToOne" "--gtest_also_run_disabled_tests"
Directory: /home/ziad/QSVT_Project/build/tests
"QrackGates.XGateSetsProbToOne" start time: Oct 25 23:54 EEST
Output:
----------------------------------------------------------
Running main() from /home/ziad/QSVT_Project/build/_deps/googletest-src/googletest/src/gtest_main.cc
Note: Google Test filter = QrackGates.XGateSetsProbToOne
[==========] Running 1 test from 1 test suite.
[----------] Global test environment set-up.
[----------] 1 test from QrackGates
[ RUN      ] QrackGates.XGateSetsProbToOne
Default device: #0, NVIDIA GeForce GTX 1650
CUDA device #0: NVIDIA GeForce GTX 1650
[       OK ] QrackGates.XGateSetsProbToOne (325 ms)
[----------] 1 test from QrackGates (325 ms total)

[----------] Global test environment tear-down
[==========] 1 test from 1 test suite ran. (326 ms total)
[  PASSED  ] 1 test.
<end of output>
Test time =   0.39 sec
----------------------------------------------------------
Test Passed.
"QrackGates.XGateSetsProbToOne" end time: Oct 25 23:54 EEST
"QrackGates.XGateSetsProbToOne" time elapsed: 00:00:00
----------------------------------------------------------

2/3 Testing: QrackMeasure.MeasureReturnsCorrectResult
2/3 Test: QrackMeasure.MeasureReturnsCorrectResult
Command: "/home/ziad/QSVT_Project/build/tests/qsvt_tests" "--gtest_filter=QrackMeasure.MeasureReturnsCorrectResult" "--gtest_also_run_disabled_tests"
Directory: /home/ziad/QSVT_Project/build/tests
"QrackMeasure.MeasureReturnsCorrectResult" start time: Oct 25 23:54 EEST
Output:
----------------------------------------------------------
Running main() from /home/ziad/QSVT_Project/build/_deps/googletest-src/googletest/src/gtest_main.cc
Note: Google Test filter = QrackMeasure.MeasureReturnsCorrectResult
[==========] Running 1 test from 1 test suite.
[----------] Global test environment set-up.
[----------] 1 test from QrackMeasure
[ RUN      ] QrackMeasure.MeasureReturnsCorrectResult
Default device: #0, NVIDIA GeForce GTX 1650
CUDA device #0: NVIDIA GeForce GTX 1650
[       OK ] QrackMeasure.MeasureReturnsCorrectResult (250 ms)
[----------] 1 test from QrackMeasure (250 ms total)

[----------] Global test environment tear-down
[==========] 1 test from 1 test suite ran. (250 ms total)
[  PASSED  ] 1 test.
<end of output>
Test time =   0.31 sec
----------------------------------------------------------
Test Passed.
"QrackMeasure.MeasureReturnsCorrectResult" end time: Oct 25 23:54 EEST
"QrackMeasure.MeasureReturnsCorrectResult" time elapsed: 00:00:00
----------------------------------------------------------

3/3 Testing: QrackMeasure.ProbAfterMeasureIsOne
3/3 Test: QrackMeasure.ProbAfterMeasureIsOne
Command: "/home/ziad/QSVT_Project/build/tests/qsvt_tests" "--gtest_filter=QrackMeasure.ProbAfterMeasureIsOne" "--gtest_also_run_disabled_tests"
Directory: /home/ziad/QSVT_Project/build/tests
"QrackMeasure.ProbAfterMeasureIsOne" start time: Oct 25 23:54 EEST
Output:
----------------------------------------------------------
Running main() from /home/ziad/QSVT_Project/build/_deps/googletest-src/googletest/src/gtest_main.cc
Note: Google Test filter = QrackMeasure.ProbAfterMeasureIsOne
[==========] Running 1 test from 1 test suite.
[----------] Global test environment set-up.
[----------] 1 test from QrackMeasure
[ RUN      ] QrackMeasure.ProbAfterMeasureIsOne
Default device: #0, NVIDIA GeForce GTX 1650
CUDA device #0: NVIDIA GeForce GTX 1650
[       OK ] QrackMeasure.ProbAfterMeasureIsOne (263 ms)
[----------] 1 test from QrackMeasure (263 ms total)

[----------] Global test environment tear-down
[==========] 1 test from 1 test suite ran. (263 ms total)
[  PASSED  ] 1 test.
<end of output>
Test time =   0.33 sec
----------------------------------------------------------
Test Passed.
"QrackMeasure.ProbAfterMeasureIsOne" end time: Oct 25 23:54 EEST
"QrackMeasure.ProbAfterMeasureIsOne" time elapsed: 00:00:00
----------------------------------------------------------

End testing: Oct 25 23:54 EEST
